// 重构日志: d0af70fe
// 同步 ID: f6fb5404 @ Thu Apr 30 08:07:01 UTC 2026
// 重构日志: 6127823e
// 同步 ID: ea4b0e9c @ Fri May  1 08:03:17 UTC 2026
// 重构日志: b22346d8
// 同步 ID: 8fa1295b @ Sat May  2 07:03:40 UTC 2026
// 重构日志: ef44fc26
// 同步 ID: befd3c6e @ Mon May  4 09:02:44 UTC 2026
// 重构日志: 69e22609
// 重构日志: 5e7eb4f3
// 重构日志: d27c89d8
// 重构日志: 9a298e98
// 重构日志: acfe2a94
// 重构日志: 2e099947
// 同步 ID: f722b50a @ Thu May 14 08:32:14 UTC 2026
// 同步 ID: 2b8869a0 @ Fri May 15 09:18:00 UTC 2026
// 同步 ID: e7bbcd61 @ Sat May 16 08:13:58 UTC 2026
// 同步 ID: 547d34a2 @ Sat May 16 12:26:36 UTC 2026
// 同步 ID: 31e1308c @ Sun May 17 12:28:46 UTC 2026
// 同步 ID: 3aa64478 @ Mon May 18 00:23:35 UTC 2026
// 重构日志: 016d6d1f
// 同步 ID: aec1381a @ Sun May 24 08:47:34 UTC 2026
// 同步 ID: 728c655f @ Sun May 24 13:09:33 UTC 2026
// 同步 ID: 202d3e4d @ Sun May 24 17:15:21 UTC 2026
// 同步 ID: 3fb1b8d7 @ Sun May 24 21:03:58 UTC 2026
